
/home/runner/work/exp-introduction-raspberry-pi-au/exp-introduction-raspberry-pi-au/experiment/simulation/js/index-1d4082be.js
    58:29  warning  Do not access Object.prototype method 'hasOwnProperty' from target object  no-prototype-builtins
    94:21  warning  Do not access Object.prototype method 'hasOwnProperty' from target object  no-prototype-builtins
    98:21  warning  Do not access Object.prototype method 'hasOwnProperty' from target object  no-prototype-builtins
   128:12  warning  Do not access Object.prototype method 'hasOwnProperty' from target object  no-prototype-builtins
   273:10  warning  Expected a conditional expression and instead saw an assignment            no-cond-assign
   290:14  warning  Expected a conditional expression and instead saw an assignment            no-cond-assign
   421:16  warning  'n' is assigned a value but never used                                     no-unused-vars
  1063:25  warning  Expected a 'break' statement before 'case'                                 no-fallthrough
  1319:10  warning  Expected a conditional expression and instead saw an assignment            no-cond-assign
  1346:16  warning  Expected a conditional expression and instead saw an assignment            no-cond-assign
  1348:20  warning  Expected a conditional expression and instead saw an assignment            no-cond-assign
  1350:24  warning  Expected a conditional expression and instead saw an assignment            no-cond-assign
  1352:28  warning  Expected a conditional expression and instead saw an assignment            no-cond-assign
  1354:32  warning  Expected a conditional expression and instead saw an assignment            no-cond-assign
  1356:36  warning  Expected a conditional expression and instead saw an assignment            no-cond-assign
  1358:42  warning  Do not access Object.prototype method 'hasOwnProperty' from target object  no-prototype-builtins
  1675:65  warning  'WebKitCSSMatrix' is not defined                                           no-undef
  2027:20  warning  Expected a conditional expression and instead saw an assignment            no-cond-assign
  2724:17  warning  'n' is defined but never used                                              no-unused-vars
  2727:15  warning  'n' is defined but never used                                              no-unused-vars
  2944:51  warning  'connectedPointSequence' is not defined                                    no-undef

✖ 21 problems (0 errors, 21 warnings)

